<?xml version="1.0" encoding="UTF-8"?>
<testng-results ignored="0" total="1" passed="1" failed="0" skipped="0">
  <reporter-output>
  </reporter-output>
  <suite started-at="2022-12-04T21:07:39 IST" name="Default suite" finished-at="2022-12-04T21:09:16 IST" duration-ms="97342">
    <groups>
    </groups>
    <test started-at="2022-12-04T21:07:39 IST" name="Default test" finished-at="2022-12-04T21:09:16 IST" duration-ms="97342">
      <class name="TestingByjus.TestNgByjus">
        <test-method is-config="true" signature="beforeclass()[pri:0, instance:TestingByjus.TestNgByjus@48ae9b55]" started-at="2022-12-04T21:07:39 IST" name="beforeclass" finished-at="2022-12-04T21:07:47 IST" duration-ms="8593" status="PASS">
          <reporter-output>
          </reporter-output>
        </test-method> <!-- beforeclass -->
        <test-method is-config="true" signature="beforemethod()[pri:0, instance:TestingByjus.TestNgByjus@48ae9b55]" started-at="2022-12-04T21:07:47 IST" name="beforemethod" finished-at="2022-12-04T21:07:47 IST" duration-ms="21" status="PASS">
          <reporter-output>
          </reporter-output>
        </test-method> <!-- beforemethod -->
        <test-method signature="test1()[pri:0, instance:TestingByjus.TestNgByjus@48ae9b55]" started-at="2022-12-04T21:07:47 IST" name="test1" finished-at="2022-12-04T21:09:16 IST" duration-ms="88511" status="PASS">
          <reporter-output>
          </reporter-output>
        </test-method> <!-- test1 -->
        <test-method is-config="true" signature="aftermethod()[pri:0, instance:TestingByjus.TestNgByjus@48ae9b55]" started-at="2022-12-04T21:09:16 IST" name="aftermethod" finished-at="2022-12-04T21:09:16 IST" duration-ms="0" status="PASS">
          <reporter-output>
          </reporter-output>
        </test-method> <!-- aftermethod -->
        <test-method is-config="true" signature="afterclass()[pri:0, instance:TestingByjus.TestNgByjus@48ae9b55]" started-at="2022-12-04T21:09:16 IST" name="afterclass" finished-at="2022-12-04T21:09:16 IST" duration-ms="159" status="PASS">
          <reporter-output>
          </reporter-output>
        </test-method> <!-- afterclass -->
      </class> <!-- TestingByjus.TestNgByjus -->
    </test> <!-- Default test -->
  </suite> <!-- Default suite -->
</testng-results>
